0 info it worked if it ends with ok
1 verbose cli [ '/usr/local/bin/node',
1 verbose cli   '/usr/local/bin/npm',
1 verbose cli   'install',
1 verbose cli   'express',
1 verbose cli   '--save' ]
2 info using npm@3.3.12
3 info using node@v5.3.0
4 silly loadCurrentTree Starting
5 silly install loadCurrentTree
6 silly install readLocalPackageData
7 silly fetchPackageMetaData express
8 silly fetchNamedPackageData express
9 silly mapToRegistry name express
10 silly mapToRegistry using default registry
11 silly mapToRegistry registry http://registry.npmjs.org/
12 silly mapToRegistry uri http://registry.npmjs.org/express
13 verbose request uri http://registry.npmjs.org/express
14 verbose request no auth needed
15 info attempt registry request try #1 at 8:13:30 PM
16 verbose request id ef8d4a63dbe2005d
17 http request GET http://registry.npmjs.org/express
18 http 200 http://registry.npmjs.org/express
19 verbose headers { server: 'CouchDB/1.5.0 (Erlang OTP/R16B03)',
19 verbose headers   etag: '"5UV9KM4576DVJKZW2IWPK25WC"',
19 verbose headers   'content-type': 'application/json',
19 verbose headers   'cache-control': 'max-age=300',
19 verbose headers   'content-length': '532967',
19 verbose headers   'accept-ranges': 'bytes',
19 verbose headers   date: 'Mon, 25 Jan 2016 18:13:10 GMT',
19 verbose headers   via: '1.1 varnish',
19 verbose headers   age: '33',
19 verbose headers   connection: 'keep-alive',
19 verbose headers   'x-served-by': 'cache-ams4136-AMS',
19 verbose headers   'x-cache': 'HIT',
19 verbose headers   'x-cache-hits': '1',
19 verbose headers   'x-timer': 'S1453745590.823493,VS0,VE2',
19 verbose headers   vary: 'Accept' }
20 silly get cb [ 200,
20 silly get   { server: 'CouchDB/1.5.0 (Erlang OTP/R16B03)',
20 silly get     etag: '"5UV9KM4576DVJKZW2IWPK25WC"',
20 silly get     'content-type': 'application/json',
20 silly get     'cache-control': 'max-age=300',
20 silly get     'content-length': '532967',
20 silly get     'accept-ranges': 'bytes',
20 silly get     date: 'Mon, 25 Jan 2016 18:13:10 GMT',
20 silly get     via: '1.1 varnish',
20 silly get     age: '33',
20 silly get     connection: 'keep-alive',
20 silly get     'x-served-by': 'cache-ams4136-AMS',
20 silly get     'x-cache': 'HIT',
20 silly get     'x-cache-hits': '1',
20 silly get     'x-timer': 'S1453745590.823493,VS0,VE2',
20 silly get     vary: 'Accept' } ]
21 verbose get saving express to /var/root/.npm/registry.npmjs.org/express/.cache.json
22 silly install normalizeTree
23 silly loadCurrentTree Finishing
24 silly loadIdealTree Starting
25 silly install loadIdealTree
26 silly cloneCurrentTree Starting
27 silly install cloneCurrentTreeToIdealTree
28 silly cloneCurrentTree Finishing
29 silly loadShrinkwrap Starting
30 silly install loadShrinkwrap
31 silly loadShrinkwrap Finishing
32 silly loadAllDepsIntoIdealTree Starting
33 silly install loadAllDepsIntoIdealTree
34 silly resolveWithNewModule express@4.13.4 checking installable status
35 silly cache add args [ 'express', null ]
36 verbose cache add spec express
37 silly cache add parsed spec Result {
37 silly cache add   raw: 'express',
37 silly cache add   scope: null,
37 silly cache add   name: 'express',
37 silly cache add   rawSpec: '',
37 silly cache add   spec: '*',
37 silly cache add   type: 'range' }
38 silly addNamed express@*
39 verbose addNamed "*" is a valid semver range for express
40 silly addNameRange { name: 'express', range: '*', hasData: false }
41 silly mapToRegistry name express
42 silly mapToRegistry using default registry
43 silly mapToRegistry registry http://registry.npmjs.org/
44 silly mapToRegistry uri http://registry.npmjs.org/express
45 verbose addNameRange registry:http://registry.npmjs.org/express not in flight; fetching
46 verbose get http://registry.npmjs.org/express not expired, no request
47 silly addNameRange number 2 { name: 'express', range: '*', hasData: true }
48 silly addNameRange versions [ 'express',
48 silly addNameRange   [ '0.14.0',
48 silly addNameRange     '0.14.1',
48 silly addNameRange     '1.0.0',
48 silly addNameRange     '1.0.1',
48 silly addNameRange     '1.0.2',
48 silly addNameRange     '1.0.3',
48 silly addNameRange     '1.0.4',
48 silly addNameRange     '1.0.5',
48 silly addNameRange     '1.0.6',
48 silly addNameRange     '1.0.7',
48 silly addNameRange     '1.0.8',
48 silly addNameRange     '2.0.0',
48 silly addNameRange     '2.1.0',
48 silly addNameRange     '2.1.1',
48 silly addNameRange     '2.2.0',
48 silly addNameRange     '2.2.1',
48 silly addNameRange     '2.2.2',
48 silly addNameRange     '2.3.0',
48 silly addNameRange     '2.3.1',
48 silly addNameRange     '2.3.2',
48 silly addNameRange     '2.3.3',
48 silly addNameRange     '2.3.4',
48 silly addNameRange     '2.3.5',
48 silly addNameRange     '2.3.6',
48 silly addNameRange     '2.3.7',
48 silly addNameRange     '2.3.8',
48 silly addNameRange     '2.3.9',
48 silly addNameRange     '2.3.10',
48 silly addNameRange     '2.3.11',
48 silly addNameRange     '2.3.12',
48 silly addNameRange     '2.4.0',
48 silly addNameRange     '2.4.1',
48 silly addNameRange     '2.4.2',
48 silly addNameRange     '2.4.3',
48 silly addNameRange     '2.4.4',
48 silly addNameRange     '2.4.5',
48 silly addNameRange     '2.4.6',
48 silly addNameRange     '2.4.7',
48 silly addNameRange     '2.5.0',
48 silly addNameRange     '2.5.1',
48 silly addNameRange     '2.5.2',
48 silly addNameRange     '2.5.3',
48 silly addNameRange     '2.5.4',
48 silly addNameRange     '2.5.5',
48 silly addNameRange     '2.5.6',
48 silly addNameRange     '2.5.7',
48 silly addNameRange     '2.5.8',
48 silly addNameRange     '2.5.9',
48 silly addNameRange     '2.5.10',
48 silly addNameRange     '2.5.11',
48 silly addNameRange     '3.0.0',
48 silly addNameRange     '3.0.1',
48 silly addNameRange     '3.0.2',
48 silly addNameRange     '3.0.3',
48 silly addNameRange     '3.0.4',
48 silly addNameRange     '3.0.5',
48 silly addNameRange     '3.0.6',
48 silly addNameRange     '3.1.0',
48 silly addNameRange     '3.1.1',
48 silly addNameRange     '3.1.2',
48 silly addNameRange     '3.2.0',
48 silly addNameRange     '3.2.1',
48 silly addNameRange     '3.2.2',
48 silly addNameRange     '3.2.3',
48 silly addNameRange     '3.2.4',
48 silly addNameRange     '3.2.5',
48 silly addNameRange     '3.2.6',
48 silly addNameRange     '3.3.0',
48 silly addNameRange     '3.3.1',
48 silly addNameRange     '3.3.2',
48 silly addNameRange     '3.3.3',
48 silly addNameRange     '3.3.4',
48 silly addNameRange     '3.3.5',
48 silly addNameRange     '3.3.6',
48 silly addNameRange     '1.0.0-beta',
48 silly addNameRange     '1.0.0-beta2',
48 silly addNameRange     '1.0.0-rc',
48 silly addNameRange     '1.0.0-rc2',
48 silly addNameRange     '1.0.0-rc3',
48 silly addNameRange     '1.0.0-rc4',
48 silly addNameRange     '2.0.0-beta',
48 silly addNameRange     '2.0.0-beta2',
48 silly addNameRange     '2.0.0-beta3',
48 silly addNameRange     '2.0.0-rc',
48 silly addNameRange     '2.0.0-rc2',
48 silly addNameRange     '2.0.0-rc3',
48 silly addNameRange     '3.0.0-alpha1',
48 silly addNameRange     '3.0.0-alpha2',
48 silly addNameRange     '3.0.0-alpha3',
48 silly addNameRange     '3.0.0-alpha4',
48 silly addNameRange     '3.0.0-alpha5',
48 silly addNameRange     '3.0.0-beta1',
48 silly addNameRange     '3.0.0-beta2',
48 silly addNameRange     '3.0.0-beta3',
48 silly addNameRange     '3.0.0-beta4',
48 silly addNameRange     '3.0.0-beta6',
48 silly addNameRange     '3.0.0-beta7',
48 silly addNameRange     '3.0.0-rc1',
48 silly addNameRange     '3.0.0-rc2',
48 silly addNameRange     '3.0.0-rc3',
48 silly addNameRange     '3.0.0-rc4',
48 silly addNameRange     '3.0.0-rc5',
48 silly addNameRange     '3.3.7',
48 silly addNameRange     '3.3.8',
48 silly addNameRange     '3.4.0',
48 silly addNameRange     '3.4.1',
48 silly addNameRange     '3.4.2',
48 silly addNameRange     '3.4.3',
48 silly addNameRange     '3.4.4',
48 silly addNameRange     '3.4.5',
48 silly addNameRange     '3.4.6',
48 silly addNameRange     '3.4.7',
48 silly addNameRange     '3.4.8',
48 silly addNameRange     '4.0.0-rc1',
48 silly addNameRange     '4.0.0-rc2',
48 silly addNameRange     '3.5.0',
48 silly addNameRange     '4.0.0-rc3',
48 silly addNameRange     '4.0.0-rc4',
48 silly addNameRange     '3.5.1',
48 silly addNameRange     '4.0.0',
48 silly addNameRange     '3.5.2',
48 silly addNameRange     '4.1.0',
48 silly addNameRange     '4.1.1',
48 silly addNameRange     '3.5.3',
48 silly addNameRange     '4.1.2',
48 silly addNameRange     '3.6.0',
48 silly addNameRange     '4.2.0',
48 silly addNameRange     '3.7.0',
48 silly addNameRange     '3.8.0',
48 silly addNameRange     '4.3.0',
48 silly addNameRange     '4.3.1',
48 silly addNameRange     '3.8.1',
48 silly addNameRange     '4.3.2',
48 silly addNameRange     '3.9.0',
48 silly addNameRange     '4.4.0',
48 silly addNameRange     '4.4.1',
48 silly addNameRange     '3.10.0',
48 silly addNameRange     '3.10.1',
48 silly addNameRange     '3.10.2',
48 silly addNameRange     '3.10.3',
48 silly addNameRange     '3.10.4',
48 silly addNameRange     '4.4.2',
48 silly addNameRange     '3.10.5',
48 silly addNameRange     '4.4.3',
48 silly addNameRange     '3.11.0',
48 silly addNameRange     '4.4.4',
48 silly addNameRange     '3.12.0',
48 silly addNameRange     '3.12.1',
48 silly addNameRange     '4.4.5',
48 silly addNameRange     '3.13.0',
48 silly addNameRange     '4.5.0',
48 silly addNameRange     '4.5.1',
48 silly addNameRange     '3.14.0',
48 silly addNameRange     '4.6.0',
48 silly addNameRange     '4.6.1',
48 silly addNameRange     '3.15.0',
48 silly addNameRange     '4.7.0',
48 silly addNameRange     '3.15.1',
48 silly addNameRange     '4.7.1',
48 silly addNameRange     '3.15.2',
48 silly addNameRange     '4.7.2',
48 silly addNameRange     '4.7.3',
48 silly addNameRange     '3.15.3',
48 silly addNameRange     '4.7.4',
48 silly addNameRange     '3.16.0',
48 silly addNameRange     '4.8.0',
48 silly addNameRange     '3.16.1',
48 silly addNameRange     '4.8.1',
48 silly addNameRange     '3.16.2',
48 silly addNameRange     '4.8.2',
48 silly addNameRange     '3.16.3',
48 silly addNameRange     '3.16.4',
48 silly addNameRange     '4.8.3',
48 silly addNameRange     '3.16.5',
48 silly addNameRange     '3.16.6',
48 silly addNameRange     '4.8.4',
48 silly addNameRange     '3.16.7',
48 silly addNameRange     '4.8.5',
48 silly addNameRange     '3.16.8',
48 silly addNameRange     '4.8.6',
48 silly addNameRange     '3.16.9',
48 silly addNameRange     '4.8.7',
48 silly addNameRange     '3.16.10',
48 silly addNameRange     '4.8.8',
48 silly addNameRange     '3.17.0',
48 silly addNameRange     '3.17.1',
48 silly addNameRange     '4.9.0',
48 silly addNameRange     '3.17.2',
48 silly addNameRange     '4.9.1',
48 silly addNameRange     '4.9.2',
48 silly addNameRange     '3.17.3',
48 silly addNameRange     '4.9.3',
48 silly addNameRange     '3.17.4',
48 silly addNameRange     '4.9.4',
48 silly addNameRange     '3.17.5',
48 silly addNameRange     '4.9.5',
48 silly addNameRange     '3.17.6',
48 silly addNameRange     '3.17.7',
48 silly addNameRange     '4.9.6',
48 silly addNameRange     '4.9.7',
48 silly addNameRange     '3.17.8',
48 silly addNameRange     '4.9.8',
48 silly addNameRange     '3.18.0',
48 silly addNameRange     '3.18.1',
48 silly addNameRange     '4.10.0',
48 silly addNameRange     '3.18.2',
48 silly addNameRange     '4.10.1',
48 silly addNameRange     '5.0.0-alpha.1',
48 silly addNameRange     '3.18.3',
48 silly addNameRange     '4.10.2',
48 silly addNameRange     '3.18.4',
48 silly addNameRange     '4.10.3',
48 silly addNameRange     '4.10.4',
48 silly addNameRange     '4.10.5',
48 silly addNameRange     '3.18.5',
48 silly addNameRange     '3.18.6',
48 silly addNameRange     '4.10.6',
48 silly addNameRange     '4.10.7',
48 silly addNameRange     '3.19.0',
48 silly addNameRange     '4.10.8',
48 silly addNameRange     '4.11.0',
48 silly addNameRange     '3.19.1',
48 silly addNameRange     '4.11.1',
48 silly addNameRange     '3.19.2',
48 silly addNameRange     '4.11.2',
48 silly addNameRange     '3.20.0',
48 silly addNameRange     '4.12.0',
48 silly addNameRange     '3.20.1',
48 silly addNameRange     '4.12.1',
48 silly addNameRange     '4.12.2',
48 silly addNameRange     '3.20.2',
48 silly addNameRange     '4.12.3',
48 silly addNameRange     '3.20.3',
48 silly addNameRange     '4.12.4',
48 silly addNameRange     '3.21.0',
48 silly addNameRange     '4.13.0',
48 silly addNameRange     '3.21.1',
48 silly addNameRange     '4.13.1',
48 silly addNameRange     '5.0.0-alpha.2',
48 silly addNameRange     '3.21.2',
48 silly addNameRange     '4.13.2',
48 silly addNameRange     '4.13.3',
48 silly addNameRange     '4.13.4' ] ]
49 silly addNamed express@4.13.4
50 verbose addNamed "4.13.4" is a plain semver version for express
51 silly mapToRegistry name express
52 silly mapToRegistry using default registry
53 silly mapToRegistry registry http://registry.npmjs.org/
54 silly mapToRegistry uri http://registry.npmjs.org/express
55 verbose addRemoteTarball http://registry.npmjs.org/express/-/express-4.13.4.tgz not in flight; adding
56 verbose addRemoteTarball [ 'http://registry.npmjs.org/express/-/express-4.13.4.tgz',
56 verbose addRemoteTarball   '3c0b76f3c77590c8345739061ec0bd3ba067ec24' ]
57 silly rollbackFailedOptional Starting
58 silly rollbackFailedOptional Finishing
59 silly runTopLevelLifecycles Starting
60 silly runTopLevelLifecycles Finishing
61 silly install printInstalled
62 verbose stack Error: ENOTDIR: not a directory, mkdir '/tmp/npm-25448-8c52d4e4/registry.npmjs.org/express/-'
62 verbose stack     at Error (native)
63 verbose cwd /Library/WebServer/Documents/github/ozziest.github.io
64 error Darwin 15.2.0
65 error argv "/usr/local/bin/node" "/usr/local/bin/npm" "install" "express" "--save"
66 error node v5.3.0
67 error npm  v3.3.12
68 error path /tmp/npm-25448-8c52d4e4/registry.npmjs.org/express/-
69 error code ENOTDIR
70 error errno -20
71 error syscall mkdir
72 error ENOTDIR: not a directory, mkdir '/tmp/npm-25448-8c52d4e4/registry.npmjs.org/express/-'
73 error If you need help, you may report this error at:
73 error     <https://github.com/npm/npm/issues>
74 verbose exit [ -20, true ]
